<?xml version="1.0" encoding="UTF-8"?>
<testsuite xmlns:xsi="http://www.w3.org/2001/XMLSchema-instance" xsi:noNamespaceSchemaLocation="https://maven.apache.org/surefire/maven-surefire-plugin/xsd/surefire-test-report.xsd" name="ru.samokat.CourierCreatingTest" time="6.852" tests="4" errors="0" skipped="0" failures="0">
  <properties>
[...]
</properties>
  <testcase name="courierCouldBeCreating" classname="ru.samokat.CourierCreatingTest" time="5.459"/>
  <testcase name="courierShouldBeUnique" classname="ru.samokat.CourierCreatingTest" time="0.757"/>
  <testcase name="courierRequiredAttributePassword" classname="ru.samokat.CourierCreatingTest" time="0.171"/>
  <testcase name="courierRequiredAttributeLogin" classname="ru.samokat.CourierCreatingTest" time="0.141"/>
</testsuite>